# JRE version: Java(TM) SE Runtime Environment (21.0.2+13) (build 21.0.2+13-LTS-58)
# Java VM: Java HotSpot(TM) 64-Bit Server VM (21.0.2+13-LTS-58, mixed mode, sharing, tiered, compressed oops, compressed class ptrs, g1 gc, windows-amd64)
GC Precious Log:
 CardTable entry size: 512
 Card Set container configuration: InlinePtr #cards 4 size 8 Array Of Cards #cards 16 size 48 Howl #buckets 8 coarsen threshold 3686 Howl Bitmap #cards 512 size 80 coarsen threshold 460 Card regions per heap region 1 cards per card region 4096
 CPUs: 12 total, 12 available
 Memory: 16108M
 Large Page Support: Disabled
 NUMA Support: Disabled
 Compressed Oops: Enabled (Zero based)
 Heap Region Size: 2M
 Heap Min Capacity: 8M
 Heap Initial Capacity: 252M
 Heap Max Capacity: 4028M
 Pre-touch: Disabled
 Parallel Workers: 10
 Concurrent Workers: 3
 Concurrent Refinement Workers: 10
 Periodic GC: Disabled
Heap:
 garbage-first heap   total 516096K, used 64770K [0x0000000704400000, 0x0000000800000000)
  region size 2048K, 5 young (10240K), 5 survivors (10240K)
 Metaspace       used 19322K, committed 19648K, reserved 1114112K
  class space    used 2813K, committed 2944K, reserved 1048576K
GC Heap History (20 events):
Event: 4.085 GC heap after
{Heap after GC invocations=4 (full 0):
 garbage-first heap   total 258048K, used 63882K [0x0000000704400000, 0x0000000800000000)
  region size 2048K, 10 young (20480K), 10 survivors (20480K)
 Metaspace       used 18416K, committed 18752K, reserved 1114112K
  class space    used 2614K, committed 2752K, reserved 1048576K
}
Event: 5.498 GC heap before
{Heap before GC invocations=4 (full 0):
 garbage-first heap   total 258048K, used 197002K [0x0000000704400000, 0x0000000800000000)
  region size 2048K, 75 young (153600K), 10 survivors (20480K)
 Metaspace       used 19263K, committed 19584K, reserved 1114112K
  class space    used 2807K, committed 2944K, reserved 1048576K
}
Event: 5.505 GC heap after
{Heap after GC invocations=5 (full 0):
 garbage-first heap   total 258048K, used 65139K [0x0000000704400000, 0x0000000800000000)
  region size 2048K, 6 young (12288K), 6 survivors (12288K)
 Metaspace       used 19263K, committed 19584K, reserved 1114112K
  class space    used 2807K, committed 2944K, reserved 1048576K
}
Event: 5.563 GC heap before
{Heap before GC invocations=5 (full 0):
 garbage-first heap   total 258048K, used 206451K [0x0000000704400000, 0x0000000800000000)
  region size 2048K, 75 young (153600K), 6 survivors (12288K)
 Metaspace       used 19314K, committed 19648K, reserved 1114112K
  class space    used 2811K, committed 2944K, reserved 1048576K
}
Event: 5.565 GC heap after
{Heap after GC invocations=6 (full 0):
 garbage-first heap   total 258048K, used 64664K [0x0000000704400000, 0x0000000800000000)
  region size 2048K, 5 young (10240K), 5 survivors (10240K)
 Metaspace       used 19314K, committed 19648K, reserved 1114112K
  class space    used 2811K, committed 2944K, reserved 1048576K
}
Event: 5.585 GC heap before
{Heap before GC invocations=6 (full 0):
 garbage-first heap   total 258048K, used 208024K [0x0000000704400000, 0x0000000800000000)
  region size 2048K, 75 young (153600K), 5 survivors (10240K)
 Metaspace       used 19314K, committed 19648K, reserved 1114112K
  class space    used 2811K, committed 2944K, reserved 1048576K
}
Event: 5.587 GC heap after
{Heap after GC invocations=7 (full 0):
 garbage-first heap   total 258048K, used 64541K [0x0000000704400000, 0x0000000800000000)
  region size 2048K, 5 young (10240K), 5 survivors (10240K)
 Metaspace       used 19314K, committed 19648K, reserved 1114112K
  class space    used 2811K, committed 2944K, reserved 1048576K
}
Event: 5.606 GC heap before
{Heap before GC invocations=7 (full 0):
 garbage-first heap   total 258048K, used 207901K [0x0000000704400000, 0x0000000800000000)
  region size 2048K, 75 young (153600K), 5 survivors (10240K)
 Metaspace       used 19314K, committed 19648K, reserved 1114112K
  class space    used 2811K, committed 2944K, reserved 1048576K
}
Event: 5.608 GC heap after
{Heap after GC invocations=8 (full 0):
 garbage-first heap   total 258048K, used 64316K [0x0000000704400000, 0x0000000800000000)
  region size 2048K, 5 young (10240K), 5 survivors (10240K)
 Metaspace       used 19314K, committed 19648K, reserved 1114112K
  class space    used 2811K, committed 2944K, reserved 1048576K
}
Event: 5.622 GC heap before
{Heap before GC invocations=8 (full 0):
 garbage-first heap   total 258048K, used 207676K [0x0000000704400000, 0x0000000800000000)
  region size 2048K, 75 young (153600K), 5 survivors (10240K)
 Metaspace       used 19314K, committed 19648K, reserved 1114112K
  class space    used 2811K, committed 2944K, reserved 1048576K
}
Event: 5.624 GC heap after
{Heap after GC invocations=9 (full 0):
 garbage-first heap   total 258048K, used 64069K [0x0000000704400000, 0x0000000800000000)
  region size 2048K, 5 young (10240K), 5 survivors (10240K)
 Metaspace       used 19314K, committed 19648K, reserved 1114112K
  class space    used 2811K, committed 2944K, reserved 1048576K
}
Event: 5.639 GC heap before
{Heap before GC invocations=9 (full 0):
 garbage-first heap   total 258048K, used 207429K [0x0000000704400000, 0x0000000800000000)
  region size 2048K, 75 young (153600K), 5 survivors (10240K)
 Metaspace       used 19314K, committed 19648K, reserved 1114112K
  class space    used 2811K, committed 2944K, reserved 1048576K
}
Event: 5.642 GC heap after
{Heap after GC invocations=10 (full 0):
 garbage-first heap   total 516096K, used 64204K [0x0000000704400000, 0x0000000800000000)
  region size 2048K, 5 young (10240K), 5 survivors (10240K)
 Metaspace       used 19314K, committed 19648K, reserved 1114112K
  class space    used 2811K, committed 2944K, reserved 1048576K
}
Event: 5.668 GC heap before
{Heap before GC invocations=10 (full 0):
 garbage-first heap   total 516096K, used 363212K [0x0000000704400000, 0x0000000800000000)
  region size 2048K, 151 young (309248K), 5 survivors (10240K)
 Metaspace       used 19322K, committed 19648K, reserved 1114112K
  class space    used 2813K, committed 2944K, reserved 1048576K
}
Event: 5.671 GC heap after
{Heap after GC invocations=11 (full 0):
 garbage-first heap   total 516096K, used 64808K [0x0000000704400000, 0x0000000800000000)
  region size 2048K, 5 young (10240K), 5 survivors (10240K)
 Metaspace       used 19322K, committed 19648K, reserved 1114112K
  class space    used 2813K, committed 2944K, reserved 1048576K
}
Event: 5.689 GC heap before
{Heap before GC invocations=11 (full 0):
 garbage-first heap   total 516096K, used 363816K [0x0000000704400000, 0x0000000800000000)
  region size 2048K, 151 young (309248K), 5 survivors (10240K)
 Metaspace       used 19322K, committed 19648K, reserved 1114112K
  class space    used 2813K, committed 2944K, reserved 1048576K
}
Event: 5.692 GC heap after
{Heap after GC invocations=12 (full 0):
 garbage-first heap   total 516096K, used 63771K [0x0000000704400000, 0x0000000800000000)
  region size 2048K, 5 young (10240K), 5 survivors (10240K)
 Metaspace       used 19322K, committed 19648K, reserved 1114112K
  class space    used 2813K, committed 2944K, reserved 1048576K
}
Event: 5.714 GC heap before
{Heap before GC invocations=12 (full 0):
 garbage-first heap   total 516096K, used 362779K [0x0000000704400000, 0x0000000800000000)
  region size 2048K, 151 young (309248K), 5 survivors (10240K)
 Metaspace       used 19322K, committed 19648K, reserved 1114112K
  class space    used 2813K, committed 2944K, reserved 1048576K
}
Event: 5.716 GC heap after
{Heap after GC invocations=13 (full 0):
 garbage-first heap   total 516096K, used 64876K [0x0000000704400000, 0x0000000800000000)
  region size 2048K, 6 young (12288K), 6 survivors (12288K)
 Metaspace       used 19322K, committed 19648K, reserved 1114112K
  class space    used 2813K, committed 2944K, reserved 1048576K
}
Event: 5.738 GC heap before
{Heap before GC invocations=13 (full 0):
 garbage-first heap   total 516096K, used 361836K [0x0000000704400000, 0x0000000800000000)
  region size 2048K, 151 young (309248K), 6 survivors (12288K)
 Metaspace       used 19322K, committed 19648K, reserved 1114112K
  class space    used 2813K, committed 2944K, reserved 1048576K
}

