# JRE version: Java(TM) SE Runtime Environment (21.0.2+13) (build 21.0.2+13-LTS-58)
# Java VM: Java HotSpot(TM) 64-Bit Server VM (21.0.2+13-LTS-58, mixed mode, sharing, tiered, compressed oops, compressed class ptrs, g1 gc, windows-amd64)
GC Precious Log:
 CardTable entry size: 512
 Card Set container configuration: InlinePtr #cards 4 size 8 Array Of Cards #cards 16 size 48 Howl #buckets 8 coarsen threshold 3686 Howl Bitmap #cards 512 size 80 coarsen threshold 460 Card regions per heap region 1 cards per card region 4096
 CPUs: 12 total, 12 available
 Memory: 16108M
 Large Page Support: Disabled
 NUMA Support: Disabled
 Compressed Oops: Enabled (Zero based)
 Heap Region Size: 2M
 Heap Min Capacity: 8M
 Heap Initial Capacity: 252M
 Heap Max Capacity: 4028M
 Pre-touch: Disabled
 Parallel Workers: 10
 Concurrent Workers: 3
 Concurrent Refinement Workers: 10
 Periodic GC: Disabled
Heap:
 garbage-first heap   total 296960K, used 175422K [0x0000000704400000, 0x0000000800000000)
  region size 2048K, 1 young (2048K), 1 survivors (2048K)
 Metaspace       used 14053K, committed 14336K, reserved 1114112K
  class space    used 1519K, committed 1664K, reserved 1048576K
GC Heap History (13 events):
Event: 1.049 GC heap before
{Heap before GC invocations=0 (full 0):
 garbage-first heap   total 258048K, used 22528K [0x0000000704400000, 0x0000000800000000)
  region size 2048K, 11 young (22528K), 0 survivors (0K)
 Metaspace       used 3109K, committed 3264K, reserved 1114112K
  class space    used 277K, committed 320K, reserved 1048576K
}
Event: 1.053 GC heap after
{Heap after GC invocations=1 (full 0):
 garbage-first heap   total 258048K, used 4308K [0x0000000704400000, 0x0000000800000000)
  region size 2048K, 2 young (4096K), 2 survivors (4096K)
 Metaspace       used 3109K, committed 3264K, reserved 1114112K
  class space    used 277K, committed 320K, reserved 1048576K
}
Event: 39.334 GC heap before
{Heap before GC invocations=1 (full 0):
 garbage-first heap   total 258048K, used 37076K [0x0000000704400000, 0x0000000800000000)
  region size 2048K, 19 young (38912K), 2 survivors (4096K)
 Metaspace       used 13235K, committed 13440K, reserved 1114112K
  class space    used 1454K, committed 1536K, reserved 1048576K
}
Event: 39.339 GC heap after
{Heap after GC invocations=2 (full 0):
 garbage-first heap   total 258048K, used 13592K [0x0000000704400000, 0x0000000800000000)
  region size 2048K, 3 young (6144K), 3 survivors (6144K)
 Metaspace       used 13235K, committed 13440K, reserved 1114112K
  class space    used 1454K, committed 1536K, reserved 1048576K
}
Event: 39.542 GC heap before
{Heap before GC invocations=2 (full 0):
 garbage-first heap   total 258048K, used 72984K [0x0000000704400000, 0x0000000800000000)
  region size 2048K, 33 young (67584K), 3 survivors (6144K)
 Metaspace       used 13260K, committed 13440K, reserved 1114112K
  class space    used 1454K, committed 1536K, reserved 1048576K
}
Event: 39.553 GC heap after
{Heap after GC invocations=3 (full 0):
 garbage-first heap   total 258048K, used 73541K [0x0000000704400000, 0x0000000800000000)
  region size 2048K, 5 young (10240K), 5 survivors (10240K)
 Metaspace       used 13260K, committed 13440K, reserved 1114112K
  class space    used 1454K, committed 1536K, reserved 1048576K
}
Event: 39.666 GC heap before
{Heap before GC invocations=3 (full 0):
 garbage-first heap   total 258048K, used 108357K [0x0000000704400000, 0x0000000800000000)
  region size 2048K, 23 young (47104K), 5 survivors (10240K)
 Metaspace       used 13270K, committed 13440K, reserved 1114112K
  class space    used 1454K, committed 1536K, reserved 1048576K
}
Event: 39.674 GC heap after
{Heap after GC invocations=4 (full 0):
 garbage-first heap   total 258048K, used 110405K [0x0000000704400000, 0x0000000800000000)
  region size 2048K, 3 young (6144K), 3 survivors (6144K)
 Metaspace       used 13270K, committed 13440K, reserved 1114112K
  class space    used 1454K, committed 1536K, reserved 1048576K
}
Event: 39.804 GC heap before
{Heap before GC invocations=4 (full 0):
 garbage-first heap   total 258048K, used 151365K [0x0000000704400000, 0x0000000800000000)
  region size 2048K, 24 young (49152K), 3 survivors (6144K)
 Metaspace       used 13282K, committed 13504K, reserved 1114112K
  class space    used 1454K, committed 1536K, reserved 1048576K
}
Event: 39.812 GC heap after
{Heap after GC invocations=5 (full 0):
 garbage-first heap   total 258048K, used 152482K [0x0000000704400000, 0x0000000800000000)
  region size 2048K, 3 young (6144K), 3 survivors (6144K)
 Metaspace       used 13282K, committed 13504K, reserved 1114112K
  class space    used 1454K, committed 1536K, reserved 1048576K
}
Event: 129.549 GC heap before
{Heap before GC invocations=5 (full 0):
 garbage-first heap   total 258048K, used 185250K [0x0000000704400000, 0x0000000800000000)
  region size 2048K, 20 young (40960K), 3 survivors (6144K)
 Metaspace       used 13885K, committed 14208K, reserved 1114112K
  class space    used 1518K, committed 1664K, reserved 1048576K
}
Event: 129.560 GC heap after
{Heap after GC invocations=6 (full 0):
 garbage-first heap   total 258048K, used 175073K [0x0000000704400000, 0x0000000800000000)
  region size 2048K, 3 young (6144K), 3 survivors (6144K)
 Metaspace       used 13885K, committed 14208K, reserved 1114112K
  class space    used 1518K, committed 1664K, reserved 1048576K
}
Event: 266.543 GC heap before
{Heap before GC invocations=7 (full 0):
 garbage-first heap   total 296960K, used 201697K [0x0000000704400000, 0x0000000800000000)
  region size 2048K, 16 young (32768K), 3 survivors (6144K)
 Metaspace       used 14053K, committed 14336K, reserved 1114112K
  class space    used 1519K, committed 1664K, reserved 1048576K
}

