# JRE version: Java(TM) SE Runtime Environment (21.0.2+13) (build 21.0.2+13-LTS-58)
# Java VM: Java HotSpot(TM) 64-Bit Server VM (21.0.2+13-LTS-58, mixed mode, sharing, tiered, compressed oops, compressed class ptrs, g1 gc, windows-amd64)
GC Precious Log:
 CardTable entry size: 512
 Card Set container configuration: InlinePtr #cards 4 size 8 Array Of Cards #cards 16 size 48 Howl #buckets 8 coarsen threshold 3686 Howl Bitmap #cards 512 size 80 coarsen threshold 460 Card regions per heap region 1 cards per card region 4096
 CPUs: 12 total, 12 available
 Memory: 16108M
 Large Page Support: Disabled
 NUMA Support: Disabled
 Compressed Oops: Enabled (Zero based)
 Heap Region Size: 2M
 Heap Min Capacity: 8M
 Heap Initial Capacity: 252M
 Heap Max Capacity: 4028M
 Pre-touch: Disabled
 Parallel Workers: 10
 Concurrent Workers: 3
 Concurrent Refinement Workers: 10
 Periodic GC: Disabled
Heap:
 garbage-first heap   total 880640K, used 272857K [0x0000000704400000, 0x0000000800000000)
  region size 2048K, 115 young (235520K), 4 survivors (8192K)
 Metaspace       used 17352K, committed 17728K, reserved 1114112K
  class space    used 2508K, committed 2688K, reserved 1048576K
GC Heap History (20 events):
Event: 1.365 GC heap before
{Heap before GC invocations=1 (full 0):
 garbage-first heap   total 258048K, used 46813K [0x0000000704400000, 0x0000000800000000)
  region size 2048K, 20 young (40960K), 2 survivors (4096K)
 Metaspace       used 11050K, committed 11392K, reserved 1114112K
  class space    used 1398K, committed 1536K, reserved 1048576K
}
Event: 1.373 GC heap after
{Heap after GC invocations=2 (full 0):
 garbage-first heap   total 258048K, used 15527K [0x0000000704400000, 0x0000000800000000)
  region size 2048K, 3 young (6144K), 3 survivors (6144K)
 Metaspace       used 11050K, committed 11392K, reserved 1114112K
  class space    used 1398K, committed 1536K, reserved 1048576K
}
Event: 1.488 GC heap before
{Heap before GC invocations=2 (full 0):
 garbage-first heap   total 258048K, used 162983K [0x0000000704400000, 0x0000000800000000)
  region size 2048K, 75 young (153600K), 3 survivors (6144K)
 Metaspace       used 12266K, committed 12608K, reserved 1114112K
  class space    used 1631K, committed 1792K, reserved 1048576K
}
Event: 1.492 GC heap after
{Heap after GC invocations=3 (full 0):
 garbage-first heap   total 258048K, used 15243K [0x0000000704400000, 0x0000000800000000)
  region size 2048K, 3 young (6144K), 3 survivors (6144K)
 Metaspace       used 12266K, committed 12608K, reserved 1114112K
  class space    used 1631K, committed 1792K, reserved 1048576K
}
Event: 1.542 GC heap before
{Heap before GC invocations=3 (full 0):
 garbage-first heap   total 258048K, used 162699K [0x0000000704400000, 0x0000000800000000)
  region size 2048K, 75 young (153600K), 3 survivors (6144K)
 Metaspace       used 12477K, committed 12800K, reserved 1114112K
  class space    used 1658K, committed 1792K, reserved 1048576K
}
Event: 1.546 GC heap after
{Heap after GC invocations=4 (full 0):
 garbage-first heap   total 258048K, used 15891K [0x0000000704400000, 0x0000000800000000)
  region size 2048K, 3 young (6144K), 3 survivors (6144K)
 Metaspace       used 12477K, committed 12800K, reserved 1114112K
  class space    used 1658K, committed 1792K, reserved 1048576K
}
Event: 1.581 GC heap before
{Heap before GC invocations=4 (full 0):
 garbage-first heap   total 258048K, used 163347K [0x0000000704400000, 0x0000000800000000)
  region size 2048K, 75 young (153600K), 3 survivors (6144K)
 Metaspace       used 12593K, committed 12928K, reserved 1114112K
  class space    used 1676K, committed 1856K, reserved 1048576K
}
Event: 1.583 GC heap after
{Heap after GC invocations=5 (full 0):
 garbage-first heap   total 258048K, used 16168K [0x0000000704400000, 0x0000000800000000)
  region size 2048K, 4 young (8192K), 4 survivors (8192K)
 Metaspace       used 12593K, committed 12928K, reserved 1114112K
  class space    used 1676K, committed 1856K, reserved 1048576K
}
Event: 1.615 GC heap before
{Heap before GC invocations=5 (full 0):
 garbage-first heap   total 258048K, used 161576K [0x0000000704400000, 0x0000000800000000)
  region size 2048K, 75 young (153600K), 4 survivors (8192K)
 Metaspace       used 12664K, committed 13056K, reserved 1114112K
  class space    used 1677K, committed 1856K, reserved 1048576K
}
Event: 1.618 GC heap after
{Heap after GC invocations=6 (full 0):
 garbage-first heap   total 258048K, used 16172K [0x0000000704400000, 0x0000000800000000)
  region size 2048K, 4 young (8192K), 4 survivors (8192K)
 Metaspace       used 12664K, committed 13056K, reserved 1114112K
  class space    used 1677K, committed 1856K, reserved 1048576K
}
Event: 1.643 GC heap before
{Heap before GC invocations=6 (full 0):
 garbage-first heap   total 258048K, used 161580K [0x0000000704400000, 0x0000000800000000)
  region size 2048K, 75 young (153600K), 4 survivors (8192K)
 Metaspace       used 12889K, committed 13248K, reserved 1114112K
  class space    used 1691K, committed 1856K, reserved 1048576K
}
Event: 1.646 GC heap after
{Heap after GC invocations=7 (full 0):
 garbage-first heap   total 440320K, used 16532K [0x0000000704400000, 0x0000000800000000)
  region size 2048K, 4 young (8192K), 4 survivors (8192K)
 Metaspace       used 12889K, committed 13248K, reserved 1114112K
  class space    used 1691K, committed 1856K, reserved 1048576K
}
Event: 1.674 GC heap before
{Heap before GC invocations=7 (full 0):
 garbage-first heap   total 440320K, used 276628K [0x0000000704400000, 0x0000000800000000)
  region size 2048K, 130 young (266240K), 4 survivors (8192K)
 Metaspace       used 13126K, committed 13440K, reserved 1114112K
  class space    used 1743K, committed 1920K, reserved 1048576K
}
Event: 1.678 GC heap after
{Heap after GC invocations=8 (full 0):
 garbage-first heap   total 440320K, used 20540K [0x0000000704400000, 0x0000000800000000)
  region size 2048K, 4 young (8192K), 4 survivors (8192K)
 Metaspace       used 13126K, committed 13440K, reserved 1114112K
  class space    used 1743K, committed 1920K, reserved 1048576K
}
Event: 1.697 GC heap before
{Heap before GC invocations=8 (full 0):
 garbage-first heap   total 440320K, used 282684K [0x0000000704400000, 0x0000000800000000)
  region size 2048K, 129 young (264192K), 4 survivors (8192K)
 Metaspace       used 13210K, committed 13568K, reserved 1114112K
  class space    used 1753K, committed 1920K, reserved 1048576K
}
Event: 1.701 GC heap after
{Heap after GC invocations=9 (full 0):
 garbage-first heap   total 440320K, used 26806K [0x0000000704400000, 0x0000000800000000)
  region size 2048K, 4 young (8192K), 4 survivors (8192K)
 Metaspace       used 13210K, committed 13568K, reserved 1114112K
  class space    used 1753K, committed 1920K, reserved 1048576K
}
Event: 1.721 GC heap before
{Heap before GC invocations=9 (full 0):
 garbage-first heap   total 440320K, used 282806K [0x0000000704400000, 0x0000000800000000)
  region size 2048K, 130 young (266240K), 4 survivors (8192K)
 Metaspace       used 13212K, committed 13568K, reserved 1114112K
  class space    used 1753K, committed 1920K, reserved 1048576K
}
Event: 1.724 GC heap after
{Heap after GC invocations=10 (full 0):
 garbage-first heap   total 440320K, used 27247K [0x0000000704400000, 0x0000000800000000)
  region size 2048K, 4 young (8192K), 4 survivors (8192K)
 Metaspace       used 13212K, committed 13568K, reserved 1114112K
  class space    used 1753K, committed 1920K, reserved 1048576K
}
Event: 1.747 GC heap before
{Heap before GC invocations=10 (full 0):
 garbage-first heap   total 440320K, used 287343K [0x0000000704400000, 0x0000000800000000)
  region size 2048K, 129 young (264192K), 4 survivors (8192K)
 Metaspace       used 13223K, committed 13568K, reserved 1114112K
  class space    used 1753K, committed 1920K, reserved 1048576K
}
Event: 1.751 GC heap after
{Heap after GC invocations=11 (full 0):
 garbage-first heap   total 880640K, used 31193K [0x0000000704400000, 0x0000000800000000)
  region size 2048K, 4 young (8192K), 4 survivors (8192K)
 Metaspace       used 13223K, committed 13568K, reserved 1114112K
  class space    used 1753K, committed 1920K, reserved 1048576K
}

